-------------------------------------------------------------------------------
Test set: com.ec.tvcable.switchaprov.test.AprovionamientoTest
-------------------------------------------------------------------------------
Tests run: 1, Failures: 0, Errors: 1, Skipped: 0, Time elapsed: 20.022 sec <<< FAILURE!
testEMS(com.ec.tvcable.switchaprov.test.AprovionamientoTest)  Time elapsed: 0.002 sec  <<< ERROR!
java.lang.Exception: org.switchyard.SwitchYardException: SWITCHYARD034318: Could not create a JtaTransactionManager as no TransactionManager was found in JNDI. Tried [java:jboss/UserTransaction, java:comp/UserTransaction]
	at org.switchyard.test.SwitchYardRunner.createTest(SwitchYardRunner.java:64)
	at org.junit.runners.BlockJUnit4ClassRunner$1.runReflectiveCall(BlockJUnit4ClassRunner.java:236)
	at org.junit.internal.runners.model.ReflectiveCallable.run(ReflectiveCallable.java:15)
	at org.junit.runners.BlockJUnit4ClassRunner.methodBlock(BlockJUnit4ClassRunner.java:233)
	at org.junit.runners.BlockJUnit4ClassRunner.runChild(BlockJUnit4ClassRunner.java:68)
	at org.junit.runners.BlockJUnit4ClassRunner.runChild(BlockJUnit4ClassRunner.java:47)
	at org.junit.runners.ParentRunner$3.run(ParentRunner.java:231)
	at org.junit.runners.ParentRunner$1.schedule(ParentRunner.java:60)
	at org.junit.runners.ParentRunner.runChildren(ParentRunner.java:229)
	at org.junit.runners.ParentRunner.access$000(ParentRunner.java:50)
	at org.junit.runners.ParentRunner$2.evaluate(ParentRunner.java:222)
	at org.junit.runners.ParentRunner.run(ParentRunner.java:300)
	at org.switchyard.test.SwitchYardRunner.run(SwitchYardRunner.java:85)
	at org.apache.maven.surefire.junit4.JUnit4TestSet.execute(JUnit4TestSet.java:35)
	at org.apache.maven.surefire.junit4.JUnit4Provider.executeTestSet(JUnit4Provider.java:115)
	at org.apache.maven.surefire.junit4.JUnit4Provider.invoke(JUnit4Provider.java:97)
	at sun.reflect.NativeMethodAccessorImpl.invoke0(Native Method)
	at sun.reflect.NativeMethodAccessorImpl.invoke(NativeMethodAccessorImpl.java:57)
	at sun.reflect.DelegatingMethodAccessorImpl.invoke(DelegatingMethodAccessorImpl.java:43)
	at java.lang.reflect.Method.invoke(Method.java:622)
	at org.apache.maven.surefire.booter.ProviderFactory$ClassLoaderProxy.invoke(ProviderFactory.java:103)
	at com.sun.proxy.$Proxy0.invoke(Unknown Source)
	at org.apache.maven.surefire.booter.SurefireStarter.invokeProvider(SurefireStarter.java:150)
	at org.apache.maven.surefire.booter.SurefireStarter.runSuitesInProcess(SurefireStarter.java:91)
	at org.apache.maven.surefire.booter.ForkedBooter.main(ForkedBooter.java:69)
Caused by: org.switchyard.SwitchYardException: SWITCHYARD034318: Could not create a JtaTransactionManager as no TransactionManager was found in JNDI. Tried [java:jboss/UserTransaction, java:comp/UserTransaction]
	at org.switchyard.component.camel.common.transaction.TransactionManagerFactory.create(TransactionManagerFactory.java:79)
	at org.switchyard.component.camel.common.transaction.TransactionHelper.addToCamelRegistry(TransactionHelper.java:54)
	at org.switchyard.component.camel.common.transaction.TransactionHelper.process(TransactionHelper.java:80)
	at org.switchyard.component.camel.common.transaction.TransactionHelper.useTransactionManager(TransactionHelper.java:93)
	at org.switchyard.component.camel.common.transaction.TransactionHelper.useTransactionManager(TransactionHelper.java:104)
	at org.switchyard.component.camel.common.handler.OutboundHandler.<init>(OutboundHandler.java:101)
	at org.switchyard.component.camel.common.handler.OutboundHandler.<init>(OutboundHandler.java:71)
	at org.switchyard.component.camel.common.deploy.BaseBindingActivator.activateBinding(BaseBindingActivator.java:45)
	at org.switchyard.deploy.internal.Deployment.deployReferenceBindings(Deployment.java:300)
	at org.switchyard.deploy.internal.Deployment.start(Deployment.java:143)
	at org.switchyard.test.SwitchYardTestKit.deploy(SwitchYardTestKit.java:757)
	at org.switchyard.test.SwitchYardTestKit.start(SwitchYardTestKit.java:177)
	at org.switchyard.test.SwitchYardRunner.createTest(SwitchYardRunner.java:60)
	... 24 more

