<?xml version="1.0" encoding="UTF-8" ?>
<testsuite failures="0" time="0.008" errors="0" skipped="0" tests="3" name="com.ec.tvcable.switchaprov.test.AprovisionamientoConverterTest">
  <properties>
[...]
</properties>
  <testcase time="0.002" classname="com.ec.tvcable.switchaprov.test.AprovisionamientoConverterTest" name="exceptionIfInvalid"/>
  <testcase time="0.001" classname="com.ec.tvcable.switchaprov.test.AprovisionamientoConverterTest" name="exceptionIfNotNumber"/>
  <testcase time="0" classname="com.ec.tvcable.switchaprov.test.AprovisionamientoConverterTest" name="noConvertirValoresVacios"/>
</testsuite>